Running in Lattice mode


Starting:    F:\Programs\ICEcube2\synpbase\bin64\mbin\synbatch.exe
Install:     F:\Programs\ICEcube2\synpbase
Hostname:    DESKTOP-MIO1JAP
Date:        Sat May 18 10:06:16 2024
Version:     L-2016.09L+ice40

Arguments:   -product synplify_pro -batch VGA_syn.prj
ProductType: synplify_pro





log file: "F:\Projects\FPGA\ICE40\ICE40HX8K_breakout\VGA\ICECUBE\VGA\VGA_Implmnt\VGA.srr"
Running: VGA_Implmnt in foreground

Running VGA_syn|VGA_Implmnt

Running: compile (Compile) on VGA_syn|VGA_Implmnt
# Sat May 18 10:06:16 2024

Running: compile_flow (Compile Process) on VGA_syn|VGA_Implmnt
# Sat May 18 10:06:16 2024

Running: compiler (Compile Input) on VGA_syn|VGA_Implmnt
# Sat May 18 10:06:16 2024
Copied F:\Projects\FPGA\ICE40\ICE40HX8K_breakout\VGA\ICECUBE\VGA\VGA_Implmnt\synwork\VGA_comp.srs to F:\Projects\FPGA\ICE40\ICE40HX8K_breakout\VGA\ICECUBE\VGA\VGA_Implmnt\VGA.srs

compiler completed
# Sat May 18 10:06:18 2024

Return Code: 0
Run Time:00h:00m:02s

Running: multi_srs_gen (Multi-srs Generator) on VGA_syn|VGA_Implmnt
# Sat May 18 10:06:18 2024

multi_srs_gen completed
# Sat May 18 10:06:18 2024

Return Code: 0
Run Time:00h:00m:00s
Copied F:\Projects\FPGA\ICE40\ICE40HX8K_breakout\VGA\ICECUBE\VGA\VGA_Implmnt\synwork\VGA_mult.srs to F:\Projects\FPGA\ICE40\ICE40HX8K_breakout\VGA\ICECUBE\VGA\VGA_Implmnt\VGA.srs
Complete: Compile Process on VGA_syn|VGA_Implmnt

Running: premap (Pre-mapping) on VGA_syn|VGA_Implmnt
# Sat May 18 10:06:18 2024

premap completed
# Sat May 18 10:06:19 2024

Return Code: 0
Run Time:00h:00m:01s
Complete: Compile on VGA_syn|VGA_Implmnt

Running: map (Map) on VGA_syn|VGA_Implmnt
# Sat May 18 10:06:19 2024
License granted for 4 parallel jobs

Running: fpga_mapper (Map & Optimize) on VGA_syn|VGA_Implmnt
# Sat May 18 10:06:19 2024
Copied F:\Projects\FPGA\ICE40\ICE40HX8K_breakout\VGA\ICECUBE\VGA\VGA_Implmnt\synwork\VGA_m.srm to F:\Projects\FPGA\ICE40\ICE40HX8K_breakout\VGA\ICECUBE\VGA\VGA_Implmnt\VGA.srm

fpga_mapper completed with warnings
# Sat May 18 10:06:20 2024

Return Code: 1
Run Time:00h:00m:01s
Complete: Map on VGA_syn|VGA_Implmnt
Complete: Logic Synthesis on VGA_syn|VGA_Implmnt

exit status=0

exit status=0

