* ******************************************************************************

* iCEcube Placer

* Version:            2020.12.27943

* Build Date:         Dec  9 2020 17:55:50

* File Generated:     Jun 18 2024 00:30:42

* Purpose:            

* Copyright (C) 2006-2010 by Lattice Semiconductor Corp. All rights reserved.

* ******************************************************************************

Executing : F:\Programs\ICEcube2\sbt_backend\bin\win32\opt\sbtplacer.exe --des-lib F:/Projects/FPGA/ICE40/ICE40HX8K_breakout/VGA/ICECUBE/VGA/VGA_Implmnt\sbt\netlist\oadb-LED_VHDL --outdir F:/Projects/FPGA/ICE40/ICE40HX8K_breakout/VGA/ICECUBE/VGA/VGA_Implmnt\sbt\outputs\placer --device-file F:\Programs\ICEcube2\sbt_backend\devices\ICE40P08.dev --package CT256 --deviceMarketName iCE40HX8K --sdc-file F:/Projects/FPGA/ICE40/ICE40HX8K_breakout/VGA/ICECUBE/VGA/VGA_Implmnt\sbt\Temp/sbt_temp.sdc --lib-file F:\Programs\ICEcube2\sbt_backend\devices\ice40HX8K.lib --effort_level std --out-sdc-file F:/Projects/FPGA/ICE40/ICE40HX8K_breakout/VGA/ICECUBE/VGA/VGA_Implmnt\sbt\outputs\placer\LED_VHDL_pl.sdc
I2004: Option and Settings Summary
=============================================================
Device file          - F:\Programs\ICEcube2\sbt_backend\devices\ICE40P08.dev
Package              - CT256
Design database      - F:/Projects/FPGA/ICE40/ICE40HX8K_breakout/VGA/ICECUBE/VGA/VGA_Implmnt\sbt\netlist\oadb-LED_VHDL
SDC file             - F:/Projects/FPGA/ICE40/ICE40HX8K_breakout/VGA/ICECUBE/VGA/VGA_Implmnt\sbt\Temp/sbt_temp.sdc
Output directory     - F:/Projects/FPGA/ICE40/ICE40HX8K_breakout/VGA/ICECUBE/VGA/VGA_Implmnt\sbt\outputs\placer
Timing library       - F:\Programs\ICEcube2\sbt_backend\devices\ice40HX8K.lib
Effort level         - std

I2050: Starting reading inputs for placer
=============================================================
I2100: Reading design library: F:/Projects/FPGA/ICE40/ICE40HX8K_breakout/VGA/ICECUBE/VGA/VGA_Implmnt\sbt\netlist\oadb-LED_VHDL/BFPGA_DESIGN_ep
I2065: Reading device file : F:\Programs\ICEcube2\sbt_backend\devices\ICE40P08.dev
I2051: Reading of inputs for placer completed successfully

I2053: Starting placement of the design
=============================================================

Input Design Statistics
    Number of LUTs      	:	40
    Number of DFFs      	:	25
    Number of DFFs packed to IO	:	0
    Number of Carrys    	:	15
    Number of RAMs      	:	0
    Number of ROMs      	:	0
    Number of IOs       	:	10
    Number of GBIOs     	:	0
    Number of GBs       	:	0
    Number of WarmBoot  	:	0
    Number of PLLs      	:	1


Phase 1
I2077: Start design legalization

Design Legalization Statistics
    Number of feedthru LUTs inserted to legalize input of DFFs     	:	0
    Number of feedthru LUTs inserted for LUTs driving multiple DFFs	:	0
    Number of LUTs replicated for LUTs driving multiple DFFs       	:	0
    Number of feedthru LUTs inserted to legalize output of CARRYs  	:	0
    Number of feedthru LUTs inserted to legalize global signals    	:	1
    Number of feedthru CARRYs inserted to legalize input of CARRYs 	:	0
    Number of inserted LUTs to Legalize IOs with PIN_TYPE= 01xxxx  	:	0
    Number of inserted LUTs to Legalize IOs with PIN_TYPE= 10xxxx  	:	0
    Number of inserted LUTs to Legalize IOs with PIN_TYPE= 11xxxx  	:	0
    Total LUTs inserted                                            	:	1
    Total CARRYs inserted                                          	:	0


I2078: Design legalization is completed successfully
I2088: Phase 1, elapsed time : 0.0 (sec)


Phase 2
I2088: Phase 2, elapsed time : 0.0 (sec)

Phase 3
Info-1404: Inferred PLL generated clock at VGA_PLL_inst.VGA_PLL_inst/PLLOUTCORE
Info-1404: Inferred PLL generated clock at VGA_PLL_inst.VGA_PLL_inst/PLLOUTGLOBAL
Warning-1034: Found non-unate timing arc, from pin "in3" to pin "lcout" of instance "GB_BUFFER_PLL_out_c_THRU_LUT4_0_LC_40", in the clock network. Converting the timing arc to positive-unate

Design Statistics after Packing
    Number of LUTs      	:	42
    Number of DFFs      	:	25
    Number of DFFs packed to IO	:	0
    Number of Carrys    	:	15

Device Utilization Summary after Packing
    Sequential LogicCells
        LUT and DFF      	:	10
        LUT, DFF and CARRY	:	15
    Combinational LogicCells
        Only LUT         	:	17
        CARRY Only       	:	0
        LUT with CARRY   	:	0
    LogicCells                  :	42/7680
    PLBs                        :	7/960
    BRAMs                       :	0/32
    IOs and GBIOs               :	10/206
    PLLs                        :	1/2


I2088: Phase 3, elapsed time : 0.2 (sec)

Phase 4
I2088: Phase 4, elapsed time : 0.2 (sec)

Phase 5
I2088: Phase 5, elapsed time : 0.0 (sec)

Phase 6
I2088: Phase 6, elapsed time : 9.1 (sec)

Final Design Statistics
    Number of LUTs      	:	42
    Number of DFFs      	:	25
    Number of DFFs packed to IO	:	0
    Number of Carrys    	:	15
    Number of RAMs      	:	0
    Number of ROMs      	:	0
    Number of IOs       	:	10
    Number of GBIOs     	:	0
    Number of GBs       	:	0
    Number of WarmBoot  	:	0
    Number of PLLs      	:	1

Device Utilization Summary
    LogicCells                  :	42/7680
    PLBs                        :	10/960
    BRAMs                       :	0/32
    IOs and GBIOs               :	10/206
    PLLs                        :	1/2



#####################################################################
Placement Timing Summary

The timing summary is based on estimated routing delays after
placement. For final timing report, please carry out the timing
analysis after routing.
=====================================================================

#####################################################################
                     Clock Summary 
=====================================================================
Number of clocks: 3
Clock: LED_VHDL|CLK | Frequency: N/A | Target: 150.15 MHz
Clock: VGA_PLL_inst.VGA_PLL_inst/PLLOUTCORE | Frequency: N/A | Target: 314.38 MHz
Clock: VGA_PLL_inst.VGA_PLL_inst/PLLOUTGLOBAL | Frequency: 191.41 MHz | Target: 314.38 MHz

=====================================================================
                     End of Clock Summary
#####################################################################

I2054: Placement of design completed successfully

I2076: Placer run-time: 10.0 sec.

